<?xml version="1.0" encoding="UTF-8"?>
<testng-results skipped="0" failed="0" ignored="0" total="1" passed="1">
  <reporter-output>
  </reporter-output>
  <suite name="Default suite" duration-ms="11631" started-at="2018-03-02T15:52:37Z" finished-at="2018-03-02T15:52:49Z">
    <groups>
    </groups>
    <test name="Default test" duration-ms="11631" started-at="2018-03-02T15:52:37Z" finished-at="2018-03-02T15:52:49Z">
      <class name="product.googlesearchcount">
        <test-method status="PASS" signature="cart()[pri:0, instance:product.googlesearchcount@4b9e13df]" name="cart" duration-ms="11613" started-at="2018-03-02T15:52:37Z" finished-at="2018-03-02T15:52:49Z">
          <reporter-output>
          </reporter-output>
        </test-method> <!-- cart -->
      </class> <!-- product.googlesearchcount -->
    </test> <!-- Default test -->
  </suite> <!-- Default suite -->
</testng-results>
